<?xml version="1.0" encoding="UTF-8" ?>
<testsuite 
errors="0" failures="0" hostname="SC-202001161448" name="UserProfileActivity" tests="9" time="0.014" timestamp="2020-04-21T20:46:07">
  <properties>
    <property name="java.runtime.name" value="Java(TM) SE Runtime Environment">
    </property>
    <property 
    name="sun.boot.library.path" value="C:\Program Files (x86)\Java\jre1.8.0_241\bin">
</property>
    <property name="java.vm.version" value="25.241-b07"/>
    <property name="java.vm.vendor" value="Oracle Corporation"/>
    <property name="java.vendor.url" value="http://java.oracle.com/"/>
    <property name="path.separator" value=";"/>
    <property name="java.vm.name" value="Java HotSpot(TM) Client VM"/>
    <property name="file.encoding.pkg" value="sun.io"/>
    <property name="user.script" value=""/>
    <property name="user.country" value="CN"/>
    <property name="sun.java.launcher" value="SUN_STANDARD"/>
    <property name="sun.os.patch.level" value=""/>
    <property 
    name="java.vm.specification.name" value="Java Virtual Machine Specification">
</property>
    <property 
    name="user.dir" value="D:\work\auto\weeds_study\APPcrawler_study">
</property>
    <property name="java.runtime.version" value="1.8.0_241-b07"/>
    <property 
    name="java.awt.graphicsenv" value="sun.awt.Win32GraphicsEnvironment">
</property>
    <property 
    name="java.endorsed.dirs" value="C:\Program Files (x86)\Java\jre1.8.0_241\lib\endorsed">
</property>
    <property name="os.arch" value="x86"/>
    <property 
    name="java.io.tmpdir" value="C:\Users\ADMINI~1\AppData\Local\Temp\">
</property>
    <property name="line.separator" value=" "/>
    <property name="java.vm.specification.vendor" value="Oracle Corporation"/>
    <property name="user.variant" value=""/>
    <property name="os.name" value="Windows 10"/>
    <property name="sun.jnu.encoding" value="GBK"/>
    <property 
    name="java.library.path" value="C:\Program Files (x86)\Common Files\Oracle\Java\javapath;C:\Windows\Sun\Java\bin;C:\Windows\system32;C:\Windows;D:\Program Files (x86)\NetSarang\Xshell 6\;C:\Program Files (x86)\Common Files\Oracle\Java\javapath;C:\Windows\system32;C:\Windows;C:\Windows\System32\Wbem;C:\Windows\System32\WindowsPowerShell\v1.0\;C:\Windows\System32\OpenSSH\;D:\Program Files\Java\jdk1.8.0_241\bin\;D:\Program Files\nodejs\;C:\Users\Administrator\AppData\Roaming\npm;D:\Program Files\nodejs;D:\Program Files (x86)\android-sdk-windows\platform-tools\29.0.3;&quot;D:\Program Files (x86)\android-sdk-windows\tools;&quot;;C:\Users\Administrator\AppData\Local\Android\Sdk\build-tools\29.0.3;D:\Program Files\MongoDB\Server\4.0\bin;D:\Program Files (x86)\gradle-6.2.2\bin;D:\Program Files (x86)\apache-jmeter-3.2\apache-jmeter-3.2\bin;D:\Program Files (x86)\apache-jmeter-3.2\apache-jmeter-3.2\lib;D:\Program Files (x86)\apache-ant-1.10.7\lib;D:\Program Files (x86)\apache-ant-1.10.7\bin;C:\Program Files\Git\bin;D:\Program Files (x86)\android-sdk-windows\tools;D:\Program Files (x86)\android-sdk-windows\platform-tools;D:\Program Files (x86)\allure-2.13.2\bin;D:\sdk;D:\Program Files (x86);C:\Program Files (x86)\Google\Chrome\Application\;C:\Python37\Scripts\;C:\Python37\;C:\Users\Administrator\AppData\Local\Microsoft\WindowsApps;;D:\Program Files\Microsoft VS Code\bin;C:\Users\Administrator\AppData\Roaming\npm;.">
</property>
    <property 
    name="java.specification.name" value="Java Platform API Specification">
</property>
    <property name="java.class.version" value="52.0"/>
    <property name="sun.management.compiler" value="HotSpot Client Compiler"/>
    <property name="os.version" value="10.0"/>
    <property name="user.home" value="C:\Users\Administrator"/>
    <property name="user.timezone" value="Asia/Shanghai"/>
    <property name="java.awt.printerjob" value="sun.awt.windows.WPrinterJob"/>
    <property name="file.encoding" value="GBK"/>
    <property name="java.specification.version" value="1.8"/>
    <property name="user.name" value="Administrator"/>
    <property 
    name="java.class.path" value="appcrawler-2.4.0-jar-with-dependencies.jar">
</property>
    <property name="java.vm.specification.version" value="1.8"/>
    <property name="sun.arch.data.model" value="32"/>
    <property 
    name="java.home" value="C:\Program Files (x86)\Java\jre1.8.0_241">
</property>
    <property 
    name="sun.java.command" value="appcrawler-2.4.0-jar-with-dependencies.jar --capability appPackage=com.xueqiu.android,appActivity=.view.WelcomeActivityAlias">
</property>
    <property name="java.specification.vendor" value="Oracle Corporation"/>
    <property name="user.language" value="zh"/>
    <property name="awt.toolkit" value="sun.awt.windows.WToolkit"/>
    <property name="java.vm.info" value="mixed mode, sharing"/>
    <property name="java.version" value="1.8.0_241"/>
    <property 
    name="java.ext.dirs" value="C:\Program Files (x86)\Java\jre1.8.0_241\lib\ext;C:\Windows\Sun\Java\lib\ext">
</property>
    <property 
    name="sun.boot.class.path" value="C:\Program Files (x86)\Java\jre1.8.0_241\lib\resources.jar;C:\Program Files (x86)\Java\jre1.8.0_241\lib\rt.jar;C:\Program Files (x86)\Java\jre1.8.0_241\lib\sunrsasign.jar;C:\Program Files (x86)\Java\jre1.8.0_241\lib\jsse.jar;C:\Program Files (x86)\Java\jre1.8.0_241\lib\jce.jar;C:\Program Files (x86)\Java\jre1.8.0_241\lib\charsets.jar;C:\Program Files (x86)\Java\jre1.8.0_241\lib\jfr.jar;C:\Program Files (x86)\Java\jre1.8.0_241\classes">
</property>
    <property name="sun.stderr.encoding" value="ms936"/>
    <property name="java.vendor" value="Oracle Corporation"/>
    <property name="file.separator" value="\"/>
    <property 
    name="java.vendor.url.bug" value="http://bugreport.sun.com/bugreport/">
</property>
    <property name="sun.cpu.endian" value="little"/>
    <property name="sun.io.unicode.encoding" value="UnicodeLittle"/>
    <property name="sun.stdout.encoding" value="ms936"/>
    <property name="sun.desktop" value="windows"/>
    <property name="webdriver.http.factory" value="apache"/>
    <property 
    name="sun.cpu.isalist" value="pentium_pro+mmx pentium_pro pentium+mmx pentium i486 i386 i86">
</property>
  </properties>
  <testcase 
  name="clickedIndex=3 action=Clicked
xpath=//*[@resource-id=\&quot;com.xueqiu.android:id/decor_content_parent\&quot;]//*[@resource-id=\&quot;android:id/content\&quot;]//*[@resource-id=\&quot;com.xueqiu.android:id/refresh_layout\&quot;]//*[@resource-id=\&quot;com.xueqiu.android:id/indicator_ll\&quot;]//*[@resource-id=\&quot;com.xueqiu.android:id/view_pager\&quot;]//*[@resource-id=\&quot;com.xueqiu.android:id/refresh_layout\&quot;]//*[@resource-id=\&quot;com.xueqiu.android:id/list_view\&quot;]//*[@resource-id=\&quot;com.xueqiu.android:id/status_card_header_id\&quot;]//*[@resource-id=\&quot;com.xueqiu.android:id/name_layout\&quot;]//*[@text=\&quot;仙源游侠\&quot; and @resource-id=\&quot;com.xueqiu.android:id/userName\&quot;]" classname="UserProfileActivity" time="0.0">
</testcase>
  <testcase 
  name="clickedIndex=4 action=Clicked
xpath=//*[@resource-id=\&quot;com.xueqiu.android:id/decor_content_parent\&quot;]//*[@resource-id=\&quot;android:id/content\&quot;]//*[@resource-id=\&quot;com.xueqiu.android:id/refresh_layout\&quot;]//*[@resource-id=\&quot;com.xueqiu.android:id/indicator_ll\&quot;]//*[@resource-id=\&quot;com.xueqiu.android:id/view_pager\&quot;]//*[@resource-id=\&quot;com.xueqiu.android:id/refresh_layout\&quot;]//*[@resource-id=\&quot;com.xueqiu.android:id/list_view\&quot;]//*[@resource-id=\&quot;com.xueqiu.android:id/trade_opportunity\&quot;]//*[@resource-id=\&quot;com.xueqiu.android:id/card_tag\&quot;]//*[@text=\&quot;股民的日常\&quot; and @resource-id=\&quot;com.xueqiu.android:id/name\&quot;]" classname="UserProfileActivity" time="0.0">
</testcase>
  <testcase 
  name="clickedIndex=6 action=Clicked
xpath=//*[@resource-id=\&quot;com.xueqiu.android:id/decor_content_parent\&quot;]//*[@resource-id=\&quot;android:id/content\&quot;]//*[@resource-id=\&quot;com.xueqiu.android:id/refresh_layout\&quot;]//*[@resource-id=\&quot;com.xueqiu.android:id/indicator_ll\&quot;]//*[@resource-id=\&quot;com.xueqiu.android:id/view_pager\&quot;]//*[@resource-id=\&quot;com.xueqiu.android:id/refresh_layout\&quot;]//*[@resource-id=\&quot;com.xueqiu.android:id/list_view\&quot;]//*[@resource-id=\&quot;com.xueqiu.android:id/status_card_header_id\&quot;]//*[@resource-id=\&quot;com.xueqiu.android:id/name_layout\&quot;]//*[@text=\&quot;粹语\&quot; and @resource-id=\&quot;com.xueqiu.android:id/userName\&quot;]" classname="UserProfileActivity" time="0.0">
</testcase>
  <testcase 
  name="clickedIndex=7 action=Clicked
xpath=//*[@resource-id=\&quot;com.xueqiu.android:id/decor_content_parent\&quot;]//*[@resource-id=\&quot;android:id/content\&quot;]//*[@resource-id=\&quot;com.xueqiu.android:id/refresh_layout\&quot;]//*[@resource-id=\&quot;com.xueqiu.android:id/indicator_ll\&quot;]//*[@resource-id=\&quot;com.xueqiu.android:id/view_pager\&quot;]//*[@resource-id=\&quot;com.xueqiu.android:id/refresh_layout\&quot;]//*[@resource-id=\&quot;com.xueqiu.android:id/list_view\&quot;]//*[@resource-id=\&quot;com.xueqiu.android:id/status_card_header_id\&quot;]//*[@resource-id=\&quot;com.xueqiu.android:id/profileImage\&quot;]//*[@resource-id=\&quot;com.xueqiu.android:id/profileImage\&quot;]" classname="UserProfileActivity" time="0.001">
</testcase>
  <testcase 
  name="clickedIndex=8 action=Clicked
xpath=//*[@resource-id=\&quot;com.xueqiu.android:id/decor_content_parent\&quot;]//*[@resource-id=\&quot;android:id/content\&quot;]//*[@resource-id=\&quot;com.xueqiu.android:id/refresh_layout\&quot;]//*[@resource-id=\&quot;com.xueqiu.android:id/indicator_ll\&quot;]//*[@resource-id=\&quot;com.xueqiu.android:id/view_pager\&quot;]//*[@resource-id=\&quot;com.xueqiu.android:id/refresh_layout\&quot;]//*[@resource-id=\&quot;com.xueqiu.android:id/list_view\&quot;]//*[@resource-id=\&quot;com.xueqiu.android:id/status_card_foot_id\&quot;]//*[@resource-id=\&quot;com.xueqiu.android:id/normal_answer_layout\&quot;]//*[@resource-id=\&quot;com.xueqiu.android:id/reward_count_view\&quot;]//*[@text=\&quot;1\&quot; and @resource-id=\&quot;com.xueqiu.android:id/reward_snowcoin\&quot;]" classname="UserProfileActivity" time="0.001">
</testcase>
  <testcase 
  name="clickedIndex=9 action=Clicked
xpath=//*[@resource-id=\&quot;com.xueqiu.android:id/decor_content_parent\&quot;]//*[@resource-id=\&quot;android:id/content\&quot;]//*[@resource-id=\&quot;com.xueqiu.android:id/refresh_layout\&quot;]//*[@resource-id=\&quot;com.xueqiu.android:id/indicator_ll\&quot;]//*[@resource-id=\&quot;com.xueqiu.android:id/view_pager\&quot;]//*[@resource-id=\&quot;com.xueqiu.android:id/refresh_layout\&quot;]//*[@resource-id=\&quot;com.xueqiu.android:id/list_view\&quot;]//*[@resource-id=\&quot;com.xueqiu.android:id/status_card_foot_id\&quot;]//*[@resource-id=\&quot;com.xueqiu.android:id/normal_answer_layout\&quot;]//*[@resource-id=\&quot;com.xueqiu.android:id/reward_count_view\&quot;]//*[@text=\&quot;2\&quot; and @resource-id=\&quot;com.xueqiu.android:id/reward_snowcoin\&quot;]" classname="UserProfileActivity" time="0.001">
</testcase>
  <testcase 
  name="clickedIndex=10 action=Clicked
xpath=//*[@resource-id=\&quot;com.xueqiu.android:id/decor_content_parent\&quot;]//*[@resource-id=\&quot;android:id/content\&quot;]//*[@resource-id=\&quot;com.xueqiu.android:id/refresh_layout\&quot;]//*[@resource-id=\&quot;com.xueqiu.android:id/indicator_ll\&quot;]//*[@resource-id=\&quot;com.xueqiu.android:id/view_pager\&quot;]//*[@resource-id=\&quot;com.xueqiu.android:id/refresh_layout\&quot;]//*[@resource-id=\&quot;com.xueqiu.android:id/list_view\&quot;]//*[@resource-id=\&quot;com.xueqiu.android:id/status_card_foot_id\&quot;]//*[@resource-id=\&quot;com.xueqiu.android:id/normal_answer_layout\&quot;]//*[@resource-id=\&quot;com.xueqiu.android:id/more_action_button\&quot;]" classname="UserProfileActivity" time="0.0">
</testcase>
  <testcase 
  name="clickedIndex=11 action=Clicked
xpath=//*[@resource-id=\&quot;com.xueqiu.android:id/action_bar_root\&quot;]//*[@resource-id=\&quot;android:id/content\&quot;]//*[@resource-id=\&quot;com.xueqiu.android:id/container\&quot;]//*[@resource-id=\&quot;com.xueqiu.android:id/coordinator\&quot;]//*[@resource-id=\&quot;com.xueqiu.android:id/design_bottom_sheet\&quot;]//*[@resource-id=\&quot;com.xueqiu.android:id/more_action_container\&quot;]//*[@resource-id=\&quot;com.xueqiu.android:id/favorite\&quot;]//*[@text=\&quot;收藏\&quot;]" classname="UserProfileActivity" time="0.001">
</testcase>
  <testcase 
  name="clickedIndex=12 action=Clicked
xpath=//*[@resource-id=\&quot;com.xueqiu.android:id/decor_content_parent\&quot;]//*[@resource-id=\&quot;android:id/content\&quot;]//*[@resource-id=\&quot;com.xueqiu.android:id/refresh_layout\&quot;]//*[@resource-id=\&quot;com.xueqiu.android:id/indicator_ll\&quot;]//*[@resource-id=\&quot;com.xueqiu.android:id/view_pager\&quot;]//*[@resource-id=\&quot;com.xueqiu.android:id/refresh_layout\&quot;]//*[@resource-id=\&quot;com.xueqiu.android:id/list_view\&quot;]//*[@resource-id=\&quot;com.xueqiu.android:id/status_card_foot_id\&quot;]//*[@resource-id=\&quot;com.xueqiu.android:id/normal_answer_layout\&quot;]//*[@resource-id=\&quot;com.xueqiu.android:id/retweet_count_view\&quot;]" classname="UserProfileActivity" time="0.001">
</testcase>
  <system-out><![CDATA[]]></system-out>
  <system-err><![CDATA[]]></system-err>
</testsuite>
